<?xml version="1.0" encoding="UTF-8"?>
<!-- Generated by org.testng.reporters.JUnitReportReporter -->
<testsuite skipped="0" hostname="z-mac.local" name="test.amazon.TestFloatingMenu" tests="1" failures="0" timestamp="24 Apr 2022 22:20:05 GMT" time="7.418" errors="0">
  <testcase name="test1" time="7.418" classname="test.amazon.TestFloatingMenu"/>
</testsuite> <!-- test.amazon.TestFloatingMenu -->
