<?xml version="1.0" encoding="UTF-8"?>
<!-- Generated by org.testng.reporters.JUnitReportReporter -->
<testsuite skipped="0" hostname="z-mac.local" name="test.amazon.TestSearchSingleItems" tests="2" failures="0" timestamp="24 Apr 2022 22:20:05 GMT" time="19.629" errors="0">
  <testcase name="test4" time="11.421" classname="test.amazon.TestSearchSingleItems"/>
  <testcase name="test5" time="8.208" classname="test.amazon.TestSearchSingleItems"/>
</testsuite> <!-- test.amazon.TestSearchSingleItems -->
