<?xml version="1.0" encoding="UTF-8"?>
<!-- Generated by org.testng.reporters.JUnitReportReporter -->
<testsuite skipped="0" hostname="z-mac.local" name="test.amazon.TestSearchSingleItems" tests="5" failures="0" timestamp="16 Apr 2022 23:10:43 GMT" time="50.924" errors="0">
  <testcase name="test4" time="8.752" classname="test.amazon.TestSearchSingleItems"/>
  <testcase name="test5" time="7.442" classname="test.amazon.TestSearchSingleItems"/>
  <testcase name="test1" time="11.279" classname="test.amazon.TestSearchSingleItems"/>
  <testcase name="test3" time="9.600" classname="test.amazon.TestSearchSingleItems"/>
  <testcase name="test2" time="13.851" classname="test.amazon.TestSearchSingleItems"/>
</testsuite> <!-- test.amazon.TestSearchSingleItems -->
