<?xml version="1.0" encoding="UTF-8"?>
<!-- Generated by org.testng.reporters.JUnitReportReporter -->
<testsuite skipped="0" hostname="z-mac.local" name="test.amazon.TestSearchMultipleItems" tests="1" failures="0" timestamp="24 Apr 2022 22:20:05 GMT" time="22.673" errors="0">
  <testcase name="searchMultipleItems" time="22.673" classname="test.amazon.TestSearchMultipleItems"/>
</testsuite> <!-- test.amazon.TestSearchMultipleItems -->
